<?xml version="1.0" encoding="UTF-8"?>
<!-- Generated by org.testng.reporters.JUnitReportReporter -->
<testsuite hostname="DESKTOP-FMPEDSS" failures="0" tests="1" name="com.hrms.testscript.TS001" time="37.115" errors="0" timestamp="23 May 2022 20:26:52 GMT">
  <testcase classname="com.hrms.testscript.TS001" name="login_logout" time="37.115"/>
</testsuite> <!-- com.hrms.testscript.TS001 -->
