<?xml version="1.0" encoding="UTF-8"?>
<!-- Generated by org.testng.reporters.JUnitReportReporter -->
<testsuite hostname="DESKTOP-FMPEDSS" failures="0" tests="1" name="com.hrms.testscript.TS001" time="11.855" errors="0" timestamp="24 Apr 2022 17:02:12 GMT">
  <testcase classname="com.hrms.testscript.TS001" name="login_logout" time="11.855"/>
</testsuite> <!-- com.hrms.testscript.TS001 -->
