<?xml version="1.0" encoding="UTF-8"?>
<!-- Generated by org.testng.reporters.JUnitReportReporter -->
<testsuite hostname="DESKTOP-FMPEDSS" failures="0" tests="1" name="com.hrms.testscript.TC001" time="16.574" errors="0" timestamp="13 Apr 2022 05:53:02 GMT">
  <testcase classname="com.hrms.testscript.TC001" name="login" time="16.574"/>
</testsuite> <!-- com.hrms.testscript.TC001 -->
